0 info it worked if it ends with ok
1 verbose cli [ 'C:\\Program Files\\nodejs\\node.exe',
1 verbose cli   'C:\\Program Files\\nodejs\\node_modules\\npm\\bin\\npm-cli.js',
1 verbose cli   'install',
1 verbose cli   '--save-dev',
1 verbose cli   'connect',
1 verbose cli   'serve-static\\' ]
2 info using npm@3.10.10
3 info using node@v6.10.3
4 silly loadCurrentTree Starting
5 silly install loadCurrentTree
6 silly install readLocalPackageData
7 silly fetchPackageMetaData connect@^3.6.2
8 silly fetchPackageMetaData serve-static\
9 silly fetchNamedPackageData connect
10 silly mapToRegistry name connect
11 silly mapToRegistry using default registry
12 silly mapToRegistry registry https://registry.npmjs.org/
13 silly mapToRegistry data Result {
13 silly mapToRegistry   raw: 'connect',
13 silly mapToRegistry   scope: null,
13 silly mapToRegistry   escapedName: 'connect',
13 silly mapToRegistry   name: 'connect',
13 silly mapToRegistry   rawSpec: '',
13 silly mapToRegistry   spec: 'latest',
13 silly mapToRegistry   type: 'tag' }
14 silly mapToRegistry uri https://registry.npmjs.org/connect
15 silly fetchOtherPackageData serve-static\
16 silly cache add args [ 'serve-static\\', null ]
17 verbose cache add spec serve-static\
18 silly cache add parsed spec Result {
18 silly cache add   raw: 'serve-static\\',
18 silly cache add   scope: null,
18 silly cache add   escapedName: null,
18 silly cache add   name: null,
18 silly cache add   rawSpec: 'serve-static\\',
18 silly cache add   spec: 'C:\\Users\\MOHM\\Documents\\Practice\\P1\\serve-static',
18 silly cache add   type: 'local' }
19 error addLocal Could not install C:\Users\MOHM\Documents\Practice\P1\serve-static
20 silly fetchPackageMetaData Error: ENOENT: no such file or directory, open 'C:\Users\MOHM\Documents\Practice\P1\serve-static'
20 silly fetchPackageMetaData     at Error (native)
20 silly fetchPackageMetaData  error for serve-static\ { Error: ENOENT: no such file or directory, open 'C:\Users\MOHM\Documents\Practice\P1\serve-static'
20 silly fetchPackageMetaData     at Error (native)
20 silly fetchPackageMetaData   errno: -4058,
20 silly fetchPackageMetaData   code: 'ENOENT',
20 silly fetchPackageMetaData   syscall: 'open',
20 silly fetchPackageMetaData   path: 'C:\\Users\\MOHM\\Documents\\Practice\\P1\\serve-static' }
21 verbose request uri https://registry.npmjs.org/connect
22 verbose request no auth needed
23 info attempt registry request try #1 at 4:51:10 PM
24 verbose request id 9861c0b77c296722
25 verbose etag W/"595c6886-55398"
26 verbose lastModified Wed, 05 Jul 2017 04:18:14 GMT
27 http request GET https://registry.npmjs.org/connect
28 http 304 https://registry.npmjs.org/connect
29 verbose headers { date: 'Thu, 13 Jul 2017 11:21:11 GMT',
29 verbose headers   via: '1.1 varnish',
29 verbose headers   'cache-control': 'max-age=300',
29 verbose headers   etag: 'W/"595c6886-55398"',
29 verbose headers   age: '198',
29 verbose headers   connection: 'close',
29 verbose headers   'x-served-by': 'cache-bma7033-BMA',
29 verbose headers   'x-cache': 'HIT',
29 verbose headers   'x-cache-hits': '6',
29 verbose headers   'x-timer': 'S1499944872.810933,VS0,VE0',
29 verbose headers   vary: 'Accept-Encoding, Accept' }
30 silly get cb [ 304,
30 silly get   { date: 'Thu, 13 Jul 2017 11:21:11 GMT',
30 silly get     via: '1.1 varnish',
30 silly get     'cache-control': 'max-age=300',
30 silly get     etag: 'W/"595c6886-55398"',
30 silly get     age: '198',
30 silly get     connection: 'close',
30 silly get     'x-served-by': 'cache-bma7033-BMA',
30 silly get     'x-cache': 'HIT',
30 silly get     'x-cache-hits': '6',
30 silly get     'x-timer': 'S1499944872.810933,VS0,VE0',
30 silly get     vary: 'Accept-Encoding, Accept' } ]
31 verbose etag https://registry.npmjs.org/connect from cache
32 verbose get saving connect to C:\Users\MOHM\AppData\Roaming\npm-cache\registry.npmjs.org\connect\.cache.json
33 verbose correctMkdir C:\Users\MOHM\AppData\Roaming\npm-cache correctMkdir not in flight; initializing
34 silly rollbackFailedOptional Starting
35 silly rollbackFailedOptional Finishing
36 silly runTopLevelLifecycles Finishing
37 silly install printInstalled
38 verbose stack Error: ENOENT: no such file or directory, open 'C:\Users\MOHM\Documents\Practice\P1\serve-static'
38 verbose stack     at Error (native)
39 verbose cwd C:\Users\MOHM\Documents\Practice\P1
40 error Windows_NT 6.3.9600
41 error argv "C:\\Program Files\\nodejs\\node.exe" "C:\\Program Files\\nodejs\\node_modules\\npm\\bin\\npm-cli.js" "install" "--save-dev" "connect" "serve-static\\"
42 error node v6.10.3
43 error npm  v3.10.10
44 error path C:\Users\MOHM\Documents\Practice\P1\serve-static
45 error code ENOENT
46 error errno -4058
47 error syscall open
48 error enoent ENOENT: no such file or directory, open 'C:\Users\MOHM\Documents\Practice\P1\serve-static'
49 error enoent ENOENT: no such file or directory, open 'C:\Users\MOHM\Documents\Practice\P1\serve-static'
49 error enoent This is most likely not a problem with npm itself
49 error enoent and is related to npm not being able to find a file.
50 verbose exit [ -4058, true ]
